d:\vısual basıc projeler\consoleapplıcatıon3\consoleapplıcatıon3\debug\vc140.pdb
d:\vısual basıc projeler\consoleapplıcatıon3\consoleapplıcatıon3\debug\vc140.ıdb
d:\vısual basıc projeler\consoleapplıcatıon3\consoleapplıcatıon3\debug\source.obj
d:\vısual basıc projeler\consoleapplıcatıon3\consoleapplıcatıon3\debug\source1.obj
d:\vısual basıc projeler\consoleapplıcatıon3\debug\consoleapplıcatıon3.ılk
d:\vısual basıc projeler\consoleapplıcatıon3\debug\consoleapplıcatıon3.exe
d:\vısual basıc projeler\consoleapplıcatıon3\debug\consoleapplıcatıon3.pdb
d:\visual basic projeler\consoleapplication3\consoleapplication3\debug\source.obj
d:\visual basic projeler\consoleapplication3\consoleapplication3\debug\source1.obj
d:\visual basic projeler\consoleapplication3\consoleapplication3\debug\vc140.idb
d:\visual basic projeler\consoleapplication3\consoleapplication3\debug\vc140.pdb
d:\visual basic projeler\consoleapplication3\debug\consoleapplication3.pdb
d:\visual basic projeler\consoleapplication3\debug\consoleapplication3.exe
d:\visual basic projeler\consoleapplication3\debug\consoleapplication3.ilk
d:\visual basic projeler\consoleapplication3\consoleapplication3\debug\consolea.6cb3cfdc.tlog\cl.command.1.tlog
d:\visual basic projeler\consoleapplication3\consoleapplication3\debug\consolea.6cb3cfdc.tlog\cl.read.1.tlog
d:\visual basic projeler\consoleapplication3\consoleapplication3\debug\consolea.6cb3cfdc.tlog\cl.write.1.tlog
d:\visual basic projeler\consoleapplication3\consoleapplication3\debug\consolea.6cb3cfdc.tlog\link.command.1.tlog
d:\visual basic projeler\consoleapplication3\consoleapplication3\debug\consolea.6cb3cfdc.tlog\link.read.1.tlog
d:\visual basic projeler\consoleapplication3\consoleapplication3\debug\consolea.6cb3cfdc.tlog\link.write.1.tlog
